c:\users\dawidzia\documents\visual studio 2013\projects\dijsktra_gen\dijsktra_gen\debug\vc120.pdb
c:\users\dawidzia\documents\visual studio 2013\projects\dijsktra_gen\dijsktra_gen\debug\vc120.idb
c:\users\dawidzia\documents\visual studio 2013\projects\dijsktra_gen\dijsktra_gen\debug\graphgen.obj
c:\users\dawidzia\documents\visual studio 2013\projects\dijsktra_gen\dijsktra_gen\debug\main.obj
c:\users\dawidzia\documents\visual studio 2013\projects\dijsktra_gen\dijsktra_gen\debug\grahp.obj
c:\users\dawidzia\documents\visual studio 2013\projects\dijsktra_gen\debug\dijsktra_gen.pdb
c:\users\dawidzia\documents\visual studio 2013\projects\dijsktra_gen\dijsktra_gen\debug\dijsktra_gen.tlog\cl.command.1.tlog
c:\users\dawidzia\documents\visual studio 2013\projects\dijsktra_gen\dijsktra_gen\debug\dijsktra_gen.tlog\cl.read.1.tlog
c:\users\dawidzia\documents\visual studio 2013\projects\dijsktra_gen\dijsktra_gen\debug\dijsktra_gen.tlog\cl.write.1.tlog
c:\users\dawidzia\documents\visual studio 2013\projects\dijsktra_gen\dijsktra_gen\debug\dijsktra_gen.tlog\link-cvtres.read.1.tlog
c:\users\dawidzia\documents\visual studio 2013\projects\dijsktra_gen\dijsktra_gen\debug\dijsktra_gen.tlog\link-cvtres.write.1.tlog
c:\users\dawidzia\documents\visual studio 2013\projects\dijsktra_gen\dijsktra_gen\debug\dijsktra_gen.tlog\link-rc.read.1.tlog
c:\users\dawidzia\documents\visual studio 2013\projects\dijsktra_gen\dijsktra_gen\debug\dijsktra_gen.tlog\link-rc.write.1.tlog
c:\users\dawidzia\documents\visual studio 2013\projects\dijsktra_gen\dijsktra_gen\debug\dijsktra_gen.tlog\link.8256-cvtres.read.1.tlog
c:\users\dawidzia\documents\visual studio 2013\projects\dijsktra_gen\dijsktra_gen\debug\dijsktra_gen.tlog\link.8256-cvtres.write.1.tlog
c:\users\dawidzia\documents\visual studio 2013\projects\dijsktra_gen\dijsktra_gen\debug\dijsktra_gen.tlog\link.8256-rc.read.1.tlog
c:\users\dawidzia\documents\visual studio 2013\projects\dijsktra_gen\dijsktra_gen\debug\dijsktra_gen.tlog\link.8256-rc.write.1.tlog
c:\users\dawidzia\documents\visual studio 2013\projects\dijsktra_gen\dijsktra_gen\debug\dijsktra_gen.tlog\link.8256.read.1.tlog
c:\users\dawidzia\documents\visual studio 2013\projects\dijsktra_gen\dijsktra_gen\debug\dijsktra_gen.tlog\link.8256.write.1.tlog
c:\users\dawidzia\documents\visual studio 2013\projects\dijsktra_gen\dijsktra_gen\debug\dijsktra_gen.tlog\link.command.1.tlog
c:\users\dawidzia\documents\visual studio 2013\projects\dijsktra_gen\dijsktra_gen\debug\dijsktra_gen.tlog\link.read.1.tlog
c:\users\dawidzia\documents\visual studio 2013\projects\dijsktra_gen\dijsktra_gen\debug\dijsktra_gen.tlog\link.write.1.tlog
